<?xml version="1.0" encoding="UTF-8"?>
<!-- Generated by org.testng.reporters.JUnitXMLReporter -->
<testsuite ignored="0" hostname="softraw-H310M-H-2-0" failures="0" tests="12" name="Default test" time="0.071" errors="0" timestamp="2022-06-06T14:22:51 IST">
  <testcase classname="maven.Testa" name="@BeforeClass setup" time="-1.654505570972E9">
    <failure type="org.testng.TestNGException" message="
Parameter &amp;apos;browser&amp;apos; is required by BeforeClass on method setup but has not been marked @Optional or defined
in /tmp/testng-eclipse-623170143/testng-customsuite.xml">
      <![CDATA[org.testng.TestNGException: 
Parameter 'browser' is required by BeforeClass on method setup but has not been marked @Optional or defined
in /tmp/testng-eclipse-623170143/testng-customsuite.xml
at org.testng.internal.Parameters.createParams(Parameters.java:267)
at org.testng.internal.Parameters.createParametersForMethod(Parameters.java:355)
at org.testng.internal.Parameters.createParameters(Parameters.java:684)
at org.testng.internal.Parameters.createConfigurationParameters(Parameters.java:166)
at org.testng.internal.invokers.ConfigInvoker.invokeConfigurations(ConfigInvoker.java:277)
at org.testng.internal.invokers.TestMethodWorker.invokeBeforeClassMethods(TestMethodWorker.java:180)
at org.testng.internal.invokers.TestMethodWorker.run(TestMethodWorker.java:122)
at java.base/java.util.ArrayList.forEach(ArrayList.java:1511)
at org.testng.TestRunner.privateRun(TestRunner.java:806)
at org.testng.TestRunner.run(TestRunner.java:601)
at org.testng.SuiteRunner.runTest(SuiteRunner.java:433)
at org.testng.SuiteRunner.runSequentially(SuiteRunner.java:427)
at org.testng.SuiteRunner.privateRun(SuiteRunner.java:387)
at org.testng.SuiteRunner.run(SuiteRunner.java:330)
at org.testng.SuiteRunnerWorker.runSuite(SuiteRunnerWorker.java:52)
at org.testng.SuiteRunnerWorker.run(SuiteRunnerWorker.java:95)
at org.testng.TestNG.runSuitesSequentially(TestNG.java:1256)
at org.testng.TestNG.runSuitesLocally(TestNG.java:1176)
at org.testng.TestNG.runSuites(TestNG.java:1099)
at org.testng.TestNG.run(TestNG.java:1067)
at org.testng.remote.AbstractRemoteTestNG.run(AbstractRemoteTestNG.java:115)
at org.testng.remote.RemoteTestNG.initAndRun(RemoteTestNG.java:251)
at org.testng.remote.RemoteTestNG.main(RemoteTestNG.java:77)
]]>
    </failure>
  </testcase> <!-- @BeforeClass setup -->
  <testcase classname="maven.Testa" name="@AfterClass end" time="0.0">
    <skipped/>
  </testcase> <!-- @AfterClass end -->
  <testcase classname="maven.Testa" name="Action" time="0.0">
    <skipped/>
  </testcase> <!-- Action -->
  <testcase classname="maven.Testa" name="Carousel" time="0.0">
    <skipped/>
  </testcase> <!-- Carousel -->
  <testcase classname="maven.Testa" name="Iframe" time="0.0">
    <skipped/>
  </testcase> <!-- Iframe -->
  <testcase classname="maven.Testa" name="Image" time="0.0">
    <skipped/>
  </testcase> <!-- Image -->
  <testcase classname="maven.Testa" name="Location" time="0.0">
    <skipped/>
  </testcase> <!-- Location -->
  <testcase classname="maven.Testa" name="Markdown" time="0.0">
    <skipped/>
  </testcase> <!-- Markdown -->
  <testcase classname="maven.Testa" name="Richtext" time="0.0">
    <skipped/>
  </testcase> <!-- Richtext -->
  <testcase classname="maven.Testa" name="Social" time="0.0">
    <skipped/>
  </testcase> <!-- Social -->
  <testcase classname="maven.Testa" name="VideoMp4" time="0.0">
    <skipped/>
  </testcase> <!-- VideoMp4 -->
  <testcase classname="maven.Testa" name="VideoVimeo" time="0.0">
    <skipped/>
  </testcase> <!-- VideoVimeo -->
  <testcase classname="maven.Testa" name="VideoYoutube" time="0.0">
    <skipped/>
  </testcase> <!-- VideoYoutube -->
  <testcase classname="maven.Testa" name="ClickToDial" time="0.0">
    <skipped/>
  </testcase> <!-- ClickToDial -->
</testsuite> <!-- Default test -->
