<?xml version="1.0" encoding="UTF-8"?>
<!-- Generated by org.testng.reporters.JUnitReportReporter -->
<testsuite hostname="softraw-H310M-H-2-0" failures="0" tests="48" name="maven.Testa" time="353.048" errors="1" timestamp="2022-06-08T16:53:33 IST" skipped="0">
  <testcase classname="maven.Testa" name="Action" time="6.742"/>
  <system-out/>
  <testcase classname="maven.Testa" name="VideoVimeo" time="9.259"/>
  <system-out/>
  <testcase classname="maven.Testa" name="Social" time="26.946"/>
  <system-out/>
  <testcase classname="maven.Testa" name="Markdown" time="2.412"/>
  <system-out/>
  <testcase classname="maven.Testa" name="Iframe" time="2.843"/>
  <system-out/>
  <testcase classname="maven.Testa" name="Image" time="2.757"/>
  <system-out/>
  <testcase classname="maven.Testa" name="Richtext" time="13.587"/>
  <system-out/>
  <testcase classname="maven.Testa" name="Richtext" time="10.225"/>
  <system-out/>
  <testcase classname="maven.Testa" name="Carousel" time="2.931"/>
  <system-out/>
  <testcase classname="maven.Testa" name="Location" time="2.316"/>
  <system-out/>
  <testcase classname="maven.Testa" name="Markdown" time="2.700"/>
  <system-out/>
  <testcase classname="maven.Testa" name="VideoYoutube" time="8.523"/>
  <system-out/>
  <testcase classname="maven.Testa" name="Location" time="2.816"/>
  <system-out/>
  <testcase classname="maven.Testa" name="Iframe" time="2.860"/>
  <system-out/>
  <testcase classname="maven.Testa" name="Social" time="25.464"/>
  <system-out/>
  <testcase classname="maven.Testa" name="Image" time="2.874"/>
  <system-out/>
  <testcase classname="maven.Testa" name="Richtext" time="12.050"/>
  <system-out/>
  <testcase classname="maven.Testa" name="Iframe" time="2.424"/>
  <system-out/>
  <testcase classname="maven.Testa" name="Social" time="25.839"/>
  <system-out/>
  <testcase classname="maven.Testa" name="VideoMp4" time="8.522"/>
  <system-out/>
  <testcase classname="maven.Testa" name="VideoYoutube" time="9.032"/>
  <system-out/>
  <testcase classname="maven.Testa" name="Iframe" time="2.444"/>
  <system-out/>
  <testcase classname="maven.Testa" name="Action" time="7.814"/>
  <system-out/>
  <testcase classname="maven.Testa" name="Markdown" time="2.391"/>
  <system-out/>
  <testcase classname="maven.Testa" name="VideoYoutube" time="8.554"/>
  <system-out/>
  <testcase classname="maven.Testa" name="Action" time="8.355"/>
  <system-out/>
  <testcase classname="maven.Testa" name="Image" time="0.013">
    <error message="target frame detached
  (Session info: chrome=102.0.5005.61)
Build info: version: &#039;4.1.4&#039;, revision: &#039;535d840ee2&#039;
System info: host: &#039;softraw-H310M-H-2-0&#039;, ip: &#039;127.0.1.1&#039;, os.name: &#039;Linux&#039;, os.arch: &#039;amd64&#039;, os.version: &#039;5.13.0-44-generic&#039;, java.version: &#039;17.0.2&#039;
Driver info: org.openqa.selenium.chrome.ChromeDriver
Command: [7ade931fc66a3eee01680656da132264, findElement {using=xpath, value=//div[contains(text(),&#039;Image&#039;)]}]
Capabilities {acceptInsecureCerts: false, browserName: chrome, browserVersion: 102.0.5005.61, chrome: {chromedriverVersion: 101.0.4951.41 (93c720db8323..., userDataDir: /tmp/.com.google.Chrome.vgoQRX}, goog:chromeOptions: {debuggerAddress: localhost:43619}, javascriptEnabled: true, networkConnectionEnabled: false, pageLoadStrategy: normal, platform: LINUX, platformName: LINUX, proxy: Proxy(), se:cdp: ws://localhost:43619/devtoo..., se:cdpVersion: 102.0.5005.61, setWindowRect: true, strictFileInteractability: false, timeouts: {implicit: 0, pageLoad: 300000, script: 30000}, unhandledPromptBehavior: dismiss and notify, webauthn:extension:credBlob: true, webauthn:extension:largeBlob: true, webauthn:virtualAuthenticators: true}
Session ID: 7ade931fc66a3eee01680656da132264" type="org.openqa.selenium.WebDriverException">
      <![CDATA[org.openqa.selenium.WebDriverException: target frame detached
  (Session info: chrome=102.0.5005.61)
Build info: version: '4.1.4', revision: '535d840ee2'
System info: host: 'softraw-H310M-H-2-0', ip: '127.0.1.1', os.name: 'Linux', os.arch: 'amd64', os.version: '5.13.0-44-generic', java.version: '17.0.2'
Driver info: org.openqa.selenium.chrome.ChromeDriver
Command: [7ade931fc66a3eee01680656da132264, findElement {using=xpath, value=//div[contains(text(),'Image')]}]
Capabilities {acceptInsecureCerts: false, browserName: chrome, browserVersion: 102.0.5005.61, chrome: {chromedriverVersion: 101.0.4951.41 (93c720db8323..., userDataDir: /tmp/.com.google.Chrome.vgoQRX}, goog:chromeOptions: {debuggerAddress: localhost:43619}, javascriptEnabled: true, networkConnectionEnabled: false, pageLoadStrategy: normal, platform: LINUX, platformName: LINUX, proxy: Proxy(), se:cdp: ws://localhost:43619/devtoo..., se:cdpVersion: 102.0.5005.61, setWindowRect: true, strictFileInteractability: false, timeouts: {implicit: 0, pageLoad: 300000, script: 30000}, unhandledPromptBehavior: dismiss and notify, webauthn:extension:credBlob: true, webauthn:extension:largeBlob: true, webauthn:virtualAuthenticators: true}
Session ID: 7ade931fc66a3eee01680656da132264
at java.base/jdk.internal.reflect.NativeConstructorAccessorImpl.newInstance0(Native Method)
at java.base/jdk.internal.reflect.NativeConstructorAccessorImpl.newInstance(NativeConstructorAccessorImpl.java:77)
at java.base/jdk.internal.reflect.DelegatingConstructorAccessorImpl.newInstance(DelegatingConstructorAccessorImpl.java:45)
at java.base/java.lang.reflect.Constructor.newInstanceWithCaller(Constructor.java:499)
at java.base/java.lang.reflect.Constructor.newInstance(Constructor.java:480)
at org.openqa.selenium.remote.codec.w3c.W3CHttpResponseCodec.createException(W3CHttpResponseCodec.java:200)
at org.openqa.selenium.remote.codec.w3c.W3CHttpResponseCodec.decode(W3CHttpResponseCodec.java:133)
at org.openqa.selenium.remote.codec.w3c.W3CHttpResponseCodec.decode(W3CHttpResponseCodec.java:53)
at org.openqa.selenium.remote.HttpCommandExecutor.execute(HttpCommandExecutor.java:184)
at org.openqa.selenium.remote.service.DriverCommandExecutor.invokeExecute(DriverCommandExecutor.java:167)
at org.openqa.selenium.remote.service.DriverCommandExecutor.execute(DriverCommandExecutor.java:142)
at org.openqa.selenium.remote.RemoteWebDriver.execute(RemoteWebDriver.java:567)
at org.openqa.selenium.remote.ElementLocation$ElementFinder$2.findElement(ElementLocation.java:162)
at org.openqa.selenium.remote.ElementLocation.findElement(ElementLocation.java:60)
at org.openqa.selenium.remote.RemoteWebDriver.findElement(RemoteWebDriver.java:385)
at org.openqa.selenium.remote.RemoteWebDriver.findElement(RemoteWebDriver.java:377)
at org.openqa.selenium.support.ui.ExpectedConditions$7.apply(ExpectedConditions.java:197)
at org.openqa.selenium.support.ui.ExpectedConditions$7.apply(ExpectedConditions.java:193)
at org.openqa.selenium.support.ui.ExpectedConditions$22.apply(ExpectedConditions.java:631)
at org.openqa.selenium.support.ui.ExpectedConditions$22.apply(ExpectedConditions.java:628)
at org.openqa.selenium.support.ui.FluentWait.until(FluentWait.java:208)
at maven.Testa.click(Testa.java:226)
at maven.Testa.Image(Testa.java:88)
at java.base/jdk.internal.reflect.NativeMethodAccessorImpl.invoke0(Native Method)
at java.base/jdk.internal.reflect.NativeMethodAccessorImpl.invoke(NativeMethodAccessorImpl.java:77)
at java.base/jdk.internal.reflect.DelegatingMethodAccessorImpl.invoke(DelegatingMethodAccessorImpl.java:43)
at java.base/java.lang.reflect.Method.invoke(Method.java:568)
at org.testng.internal.invokers.MethodInvocationHelper.invokeMethod(MethodInvocationHelper.java:139)
at org.testng.internal.invokers.TestInvoker.invokeMethod(TestInvoker.java:677)
at org.testng.internal.invokers.TestInvoker.invokeTestMethod(TestInvoker.java:221)
at org.testng.internal.invokers.MethodRunner.runInSequence(MethodRunner.java:50)
at org.testng.internal.invokers.TestInvoker$MethodInvocationAgent.invoke(TestInvoker.java:962)
at org.testng.internal.invokers.TestInvoker.invokeTestMethods(TestInvoker.java:194)
at org.testng.internal.invokers.TestMethodWorker.invokeTestMethods(TestMethodWorker.java:148)
at org.testng.internal.invokers.TestMethodWorker.run(TestMethodWorker.java:128)
at java.base/java.util.ArrayList.forEach(ArrayList.java:1511)
at org.testng.TestRunner.privateRun(TestRunner.java:806)
at org.testng.TestRunner.run(TestRunner.java:601)
at org.testng.SuiteRunner.runTest(SuiteRunner.java:433)
at org.testng.SuiteRunner$SuiteWorker.run(SuiteRunner.java:471)
at org.testng.internal.thread.ThreadUtil.lambda$execute$0(ThreadUtil.java:58)
at java.base/java.util.concurrent.FutureTask.run(FutureTask.java:264)
at java.base/java.util.concurrent.ThreadPoolExecutor.runWorker(ThreadPoolExecutor.java:1136)
at java.base/java.util.concurrent.ThreadPoolExecutor$Worker.run(ThreadPoolExecutor.java:635)
at java.base/java.lang.Thread.run(Thread.java:833)
]]>
    </error>
  </testcase> <!-- Image -->
  <system-out/>
  <testcase classname="maven.Testa" name="Location" time="2.798"/>
  <system-out/>
  <testcase classname="maven.Testa" name="Carousel" time="2.248"/>
  <system-out/>
  <testcase classname="maven.Testa" name="VideoMp4" time="8.654"/>
  <system-out/>
  <testcase classname="maven.Testa" name="Carousel" time="2.797"/>
  <system-out/>
  <testcase classname="maven.Testa" name="Location" time="2.464"/>
  <system-out/>
  <testcase classname="maven.Testa" name="Social" time="25.534"/>
  <system-out/>
  <testcase classname="maven.Testa" name="VideoMp4" time="9.591"/>
  <system-out/>
  <testcase classname="maven.Testa" name="VideoVimeo" time="9.354"/>
  <system-out/>
  <testcase classname="maven.Testa" name="Richtext" time="11.429"/>
  <system-out/>
  <testcase classname="maven.Testa" name="Carousel" time="2.316"/>
  <system-out/>
  <testcase classname="maven.Testa" name="VideoYoutube" time="9.195"/>
  <system-out/>
  <testcase classname="maven.Testa" name="VideoVimeo" time="8.820"/>
  <system-out/>
  <testcase classname="maven.Testa" name="VideoVimeo" time="8.440"/>
  <system-out/>
  <testcase classname="maven.Testa" name="Action" time="7.304"/>
  <system-out/>
  <testcase classname="maven.Testa" name="VideoMp4" time="8.990"/>
  <system-out/>
  <testcase classname="maven.Testa" name="Image" time="2.787"/>
  <system-out/>
  <testcase classname="maven.Testa" name="Markdown" time="2.731"/>
  <system-out/>
  <testcase classname="maven.Testa" name="ClickToDial" time="6.320"/>
  <system-out/>
  <testcase classname="maven.Testa" name="ClickToDial" time="1.217"/>
  <system-out/>
  <testcase classname="maven.Testa" name="ClickToDial" time="6.245"/>
  <system-out/>
  <testcase classname="maven.Testa" name="ClickToDial" time="1.121"/>
  <system-out/>
</testsuite> <!-- maven.Testa -->
